<?xml version="1.0" encoding="UTF-8"?>
<!-- Generated by org.testng.reporters.JUnitReportReporter -->
<testsuite hostname="AJITH-PC" name="Ant1" tests="3" failures="0" timestamp="12 May 2020 13:42:36 GMT" time="0.018" errors="0">
  <testcase name="test1" time="0.016" classname="Ant1"/>
  <testcase name="test3" time="0.001" classname="Ant1"/>
  <testcase name="test2" time="0.001" classname="Ant1"/>
</testsuite> <!-- Ant1 -->
