<?xml version="1.0" encoding="UTF-8"?>
<!-- Generated by org.testng.reporters.JUnitReportReporter -->
<testsuite hostname="AJITH-PC" name="Enab" tests="2" failures="0" timestamp="12 May 2020 13:48:45 GMT" time="0.029" errors="0">
  <testcase name="test" time="0.028" classname="Enab"/>
  <testcase name="test3" time="0.001" classname="Enab"/>
</testsuite> <!-- Enab -->
