<?xml version="1.0" encoding="UTF-8"?>
<!-- Generated by org.testng.reporters.JUnitReportReporter -->
<testsuite hostname="AJITH-PC" name="Ant2" tests="1" failures="0" timestamp="9 May 2020 14:35:39 GMT" time="0.001" errors="0">
  <testcase name="test3" time="0.001" classname="Ant2"/>
</testsuite> <!-- Ant2 -->
